<?xml version="1.0" encoding="UTF-8"?>
<!-- Generated by org.testng.reporters.JUnitReportReporter -->
<testsuite hostname="DESKTOP-IBBHEAG" failures="0" tests="1" name="SumValidation" time="1.693" errors="0" timestamp="2022-12-25T15:44:39 IST" skipped="0">
  <testcase classname="SumValidation" name="SumofCourses" time="1.693"/>
  <system-out/>
</testsuite> <!-- SumValidation -->
